0 info it worked if it ends with ok
1 verbose cli [ '/usr/local/bin/node', '/usr/local/bin/npm', 'search', 'mongo' ]
2 info using npm@1.3.26
3 info using node@v0.11.12-pre
4 verbose url raw /-/all/since?stale=update_after&startkey=1399248108748
5 verbose url resolving [ 'https://registry.npmjs.org/',
5 verbose url resolving   './-/all/since?stale=update_after&startkey=1399248108748' ]
6 verbose url resolved https://registry.npmjs.org/-/all/since?stale=update_after&startkey=1399248108748
7 info trying registry request attempt 1 at 19:21:10
8 http GET https://registry.npmjs.org/-/all/since?stale=update_after&startkey=1399248108748
9 http 200 https://registry.npmjs.org/-/all/since?stale=update_after&startkey=1399248108748
10 error Error: EACCES, open '/Users/ndy40/.npm/-/all/.cache.json'
10 error  { [Error: EACCES, open '/Users/ndy40/.npm/-/all/.cache.json']
10 error   stack: 'Error: EACCES, open \'/Users/ndy40/.npm/-/all/.cache.json\'',
10 error   errno: -13,
10 error   code: 'EACCES',
10 error   path: '/Users/ndy40/.npm/-/all/.cache.json' }
11 error Please try running this command again as root/Administrator.
12 error System Darwin 14.0.0
13 error command "/usr/local/bin/node" "/usr/local/bin/npm" "search" "mongo"
14 error cwd /Users/ndy40/Documents/Software Projects/Php/property-crunch-php
15 error node -v v0.11.12-pre
16 error npm -v 1.3.26
17 error path /Users/ndy40/.npm/-/all/.cache.json
18 error code EACCES
19 error errno -13
20 error stack Error: EACCES, open '/Users/ndy40/.npm/-/all/.cache.json'
21 verbose exit [ -13, true ]
